# JRE version: OpenJDK Runtime Environment (8.0_212-b04) (build 1.8.0_212-release-1586-b04)
# Java VM: OpenJDK 64-Bit Server VM (25.212-b04 mixed mode windows-amd64 compressed oops)
Heap:
 PSYoungGen      total 413184K, used 174429K [0x00000000e0000000, 0x00000000ffa80000, 0x0000000100000000)
  eden space 364032K, 39% used [0x00000000e0000000,0x00000000e8bb61a0,0x00000000f6380000)
  from space 49152K, 63% used [0x00000000f6380000,0x00000000f82212b0,0x00000000f9380000)
  to   space 50688K, 0% used [0x00000000fc900000,0x00000000fc900000,0x00000000ffa80000)
 ParOldGen       total 179200K, used 115152K [0x00000000a0000000, 0x00000000aaf00000, 0x00000000e0000000)
  object space 179200K, 64% used [0x00000000a0000000,0x00000000a7074058,0x00000000aaf00000)
 Metaspace       used 112606K, capacity 117186K, committed 117336K, reserved 1150976K
  class space    used 14515K, capacity 15483K, committed 15488K, reserved 1048576K
GC Heap History (10 events):
Event: 35.621 GC heap before
{Heap before GC invocations=19 (full 3):
 PSYoungGen      total 239104K, used 239095K [0x00000000e0000000, 0x00000000f6000000, 0x0000000100000000)
  eden space 218624K, 100% used [0x00000000e0000000,0x00000000ed580000,0x00000000ed580000)
  from space 20480K, 99% used [0x00000000ed580000,0x00000000ee97dcd8,0x00000000ee980000)
  to   space 28160K, 0% used [0x00000000f4480000,0x00000000f4480000,0x00000000f6000000)
 ParOldGen       total 82944K, used 42274K [0x00000000a0000000, 0x00000000a5100000, 0x00000000e0000000)
  object space 82944K, 50% used [0x00000000a0000000,0x00000000a2948828,0x00000000a5100000)
 Metaspace       used 83292K, capacity 85834K, committed 85976K, reserved 1124352K
  class space    used 10901K, capacity 11478K, committed 11520K, reserved 1048576K
Event: 35.806 GC heap after
Heap after GC invocations=19 (full 3):
 PSYoungGen      total 331776K, used 17410K [0x00000000e0000000, 0x00000000f6080000, 0x0000000100000000)
  eden space 303616K, 0% used [0x00000000e0000000,0x00000000e0000000,0x00000000f2880000)
  from space 28160K, 61% used [0x00000000f4480000,0x00000000f5580948,0x00000000f6000000)
  to   space 28672K, 0% used [0x00000000f2880000,0x00000000f2880000,0x00000000f4480000)
 ParOldGen       total 82944K, used 51359K [0x00000000a0000000, 0x00000000a5100000, 0x00000000e0000000)
  object space 82944K, 61% used [0x00000000a0000000,0x00000000a3227f60,0x00000000a5100000)
 Metaspace       used 83292K, capacity 85834K, committed 85976K, reserved 1124352K
  class space    used 10901K, capacity 11478K, committed 11520K, reserved 1048576K
}
Event: 41.973 GC heap before
{Heap before GC invocations=20 (full 3):
 PSYoungGen      total 331776K, used 321026K [0x00000000e0000000, 0x00000000f6080000, 0x0000000100000000)
  eden space 303616K, 100% used [0x00000000e0000000,0x00000000f2880000,0x00000000f2880000)
  from space 28160K, 61% used [0x00000000f4480000,0x00000000f5580948,0x00000000f6000000)
  to   space 28672K, 0% used [0x00000000f2880000,0x00000000f2880000,0x00000000f4480000)
 ParOldGen       total 82944K, used 51359K [0x00000000a0000000, 0x00000000a5100000, 0x00000000e0000000)
  object space 82944K, 61% used [0x00000000a0000000,0x00000000a3227f60,0x00000000a5100000)
 Metaspace       used 92323K, capacity 95826K, committed 95960K, reserved 1132544K
  class space    used 12224K, capacity 13010K, committed 13056K, reserved 1048576K
Event: 42.454 GC heap after
Heap after GC invocations=20 (full 3):
 PSYoungGen      total 332288K, used 28668K [0x00000000e0000000, 0x00000000fdb00000, 0x0000000100000000)
  eden space 303616K, 0% used [0x00000000e0000000,0x00000000e0000000,0x00000000f2880000)
  from space 28672K, 99% used [0x00000000f2880000,0x00000000f447f178,0x00000000f4480000)
  to   space 49664K, 0% used [0x00000000faa80000,0x00000000faa80000,0x00000000fdb00000)
 ParOldGen       total 95744K, used 95530K [0x00000000a0000000, 0x00000000a5d80000, 0x00000000e0000000)
  object space 95744K, 99% used [0x00000000a0000000,0x00000000a5d4aa88,0x00000000a5d80000)
 Metaspace       used 92323K, capacity 95826K, committed 95960K, reserved 1132544K
  class space    used 12224K, capacity 13010K, committed 13056K, reserved 1048576K
}
Event: 42.461 GC heap before
{Heap before GC invocations=21 (full 4):
 PSYoungGen      total 332288K, used 28668K [0x00000000e0000000, 0x00000000fdb00000, 0x0000000100000000)
  eden space 303616K, 0% used [0x00000000e0000000,0x00000000e0000000,0x00000000f2880000)
  from space 28672K, 99% used [0x00000000f2880000,0x00000000f447f178,0x00000000f4480000)
  to   space 49664K, 0% used [0x00000000faa80000,0x00000000faa80000,0x00000000fdb00000)
 ParOldGen       total 95744K, used 95530K [0x00000000a0000000, 0x00000000a5d80000, 0x00000000e0000000)
  object space 95744K, 99% used [0x00000000a0000000,0x00000000a5d4aa88,0x00000000a5d80000)
 Metaspace       used 92323K, capacity 95826K, committed 95960K, reserved 1132544K
  class space    used 12224K, capacity 13010K, committed 13056K, reserved 1048576K
Event: 45.150 GC heap after
Heap after GC invocations=21 (full 4):
 PSYoungGen      total 332288K, used 25546K [0x00000000e0000000, 0x00000000fdb00000, 0x0000000100000000)
  eden space 303616K, 0% used [0x00000000e0000000,0x00000000e0000000,0x00000000f2880000)
  from space 28672K, 89% used [0x00000000f2880000,0x00000000f4172a68,0x00000000f4480000)
  to   space 49664K, 0% used [0x00000000faa80000,0x00000000faa80000,0x00000000fdb00000)
 ParOldGen       total 179200K, used 95517K [0x00000000a0000000, 0x00000000aaf00000, 0x00000000e0000000)
  object space 179200K, 53% used [0x00000000a0000000,0x00000000a5d47420,0x00000000aaf00000)
 Metaspace       used 92188K, capacity 95432K, committed 95960K, reserved 1132544K
  class space    used 12179K, capacity 12931K, committed 13056K, reserved 1048576K
}
Event: 1203.556 GC heap before
{Heap before GC invocations=22 (full 4):
 PSYoungGen      total 332288K, used 329162K [0x00000000e0000000, 0x00000000fdb00000, 0x0000000100000000)
  eden space 303616K, 100% used [0x00000000e0000000,0x00000000f2880000,0x00000000f2880000)
  from space 28672K, 89% used [0x00000000f2880000,0x00000000f4172a68,0x00000000f4480000)
  to   space 49664K, 0% used [0x00000000faa80000,0x00000000faa80000,0x00000000fdb00000)
 ParOldGen       total 179200K, used 95517K [0x00000000a0000000, 0x00000000aaf00000, 0x00000000e0000000)
  object space 179200K, 53% used [0x00000000a0000000,0x00000000a5d47420,0x00000000aaf00000)
 Metaspace       used 100596K, capacity 104534K, committed 104664K, reserved 1140736K
  class space    used 13152K, capacity 13992K, committed 14080K, reserved 1048576K
Event: 1204.313 GC heap after
Heap after GC invocations=22 (full 4):
 PSYoungGen      total 385536K, used 25500K [0x00000000e0000000, 0x00000000fc380000, 0x0000000100000000)
  eden space 359936K, 0% used [0x00000000e0000000,0x00000000e0000000,0x00000000f5f80000)
  from space 25600K, 99% used [0x00000000faa80000,0x00000000fc367290,0x00000000fc380000)
  to   space 49152K, 0% used [0x00000000f6380000,0x00000000f6380000,0x00000000f9380000)
 ParOldGen       total 179200K, used 115144K [0x00000000a0000000, 0x00000000aaf00000, 0x00000000e0000000)
  object space 179200K, 64% used [0x00000000a0000000,0x00000000a7072058,0x00000000aaf00000)
 Metaspace       used 100596K, capacity 104534K, committed 104664K, reserved 1140736K
  class space    used 13152K, capacity 13992K, committed 14080K, reserved 1048576K
}
Event: 4760.497 GC heap before
{Heap before GC invocations=23 (full 4):
 PSYoungGen      total 385536K, used 385436K [0x00000000e0000000, 0x00000000fc380000, 0x0000000100000000)
  eden space 359936K, 100% used [0x00000000e0000000,0x00000000f5f80000,0x00000000f5f80000)
  from space 25600K, 99% used [0x00000000faa80000,0x00000000fc367290,0x00000000fc380000)
  to   space 49152K, 0% used [0x00000000f6380000,0x00000000f6380000,0x00000000f9380000)
 ParOldGen       total 179200K, used 115144K [0x00000000a0000000, 0x00000000aaf00000, 0x00000000e0000000)
  object space 179200K, 64% used [0x00000000a0000000,0x00000000a7072058,0x00000000aaf00000)
 Metaspace       used 106192K, capacity 110614K, committed 110808K, reserved 1144832K
  class space    used 13800K, capacity 14739K, committed 14848K, reserved 1048576K
Event: 4766.694 GC heap after
Heap after GC invocations=23 (full 4):
 PSYoungGen      total 413184K, used 31364K [0x00000000e0000000, 0x00000000ffa80000, 0x0000000100000000)
  eden space 364032K, 0% used [0x00000000e0000000,0x00000000e0000000,0x00000000f6380000)
  from space 49152K, 63% used [0x00000000f6380000,0x00000000f82212b0,0x00000000f9380000)
  to   space 50688K, 0% used [0x00000000fc900000,0x00000000fc900000,0x00000000ffa80000)
 ParOldGen       total 179200K, used 115152K [0x00000000a0000000, 0x00000000aaf00000, 0x00000000e0000000)
  object space 179200K, 64% used [0x00000000a0000000,0x00000000a7074058,0x00000000aaf00000)
 Metaspace       used 106192K, capacity 110614K, committed 110808K, reserved 1144832K
  class space    used 13800K, capacity 14739K, committed 14848K, reserved 1048576K
}

